<?xml version="1.0" encoding="UTF-8"?>
<testsuite name="frc.team670.robot.dataCollection.PoseTest" tests="1" skipped="0" failures="0" errors="0" timestamp="2020-01-18T21:44:56" hostname="Lakshs-MacBook-Pro-317.local" time="0.001">
  <properties/>
  <testcase name="getPoseTest" classname="frc.team670.robot.dataCollection.PoseTest" time="0.001"/>
  <system-out><![CDATA[]]></system-out>
  <system-err><![CDATA[]]></system-err>
</testsuite>
