<?xml version="1.0" encoding="UTF-8"?>
<testsuite name="frc.team670.robot.utils.functions.MathUtilsTest" tests="3" skipped="0" failures="0" errors="0" timestamp="2020-01-18T21:44:56" hostname="Lakshs-MacBook-Pro-317.local" time="0.002">
  <properties/>
  <testcase name="averageTest" classname="frc.team670.robot.utils.functions.MathUtilsTest" time="0.001"/>
  <testcase name="findDistanceTest" classname="frc.team670.robot.utils.functions.MathUtilsTest" time="0.0"/>
  <testcase name="doublesEqualTest" classname="frc.team670.robot.utils.functions.MathUtilsTest" time="0.001"/>
  <system-out><![CDATA[]]></system-out>
  <system-err><![CDATA[]]></system-err>
</testsuite>
